Reading netlist file: "C:\Users\arvay\Documents\Proyectos Gowin\DSD\Reloj50Mhz\impl\gwsynthesis\Reloj50Mhz.vg"
Parsing netlist file "C:\Users\arvay\Documents\Proyectos Gowin\DSD\Reloj50Mhz\impl\gwsynthesis\Reloj50Mhz.vg" completed
Processing netlist completed
Reading constraint file: "C:\Users\arvay\Documents\Proyectos Gowin\DSD\Reloj50Mhz\src\Reloj50Mhz.cst"
Physical Constraint parsed completed
Running placement......
[10%] Placement Phase 0 completed
[20%] Placement Phase 1 completed
[30%] Placement Phase 2 completed
[50%] Placement Phase 3 completed
Running routing......
[60%] Routing Phase 0 completed
[70%] Routing Phase 1 completed
[80%] Routing Phase 2 completed
[90%] Routing Phase 3 completed
Running timing analysis......
[95%] Timing analysis completed
Placement and routing completed
Bitstream generation in progress......
Bitstream generation completed
Running power analysis......
[100%] Power analysis completed
Generate file "C:\Users\arvay\Documents\Proyectos Gowin\DSD\Reloj50Mhz\impl\pnr\Reloj50Mhz.power.html" completed
Generate file "C:\Users\arvay\Documents\Proyectos Gowin\DSD\Reloj50Mhz\impl\pnr\Reloj50Mhz.pin.html" completed
Generate file "C:\Users\arvay\Documents\Proyectos Gowin\DSD\Reloj50Mhz\impl\pnr\Reloj50Mhz.rpt.html" completed
Generate file "C:\Users\arvay\Documents\Proyectos Gowin\DSD\Reloj50Mhz\impl\pnr\Reloj50Mhz.rpt.txt" completed
Generate file "C:\Users\arvay\Documents\Proyectos Gowin\DSD\Reloj50Mhz\impl\pnr\Reloj50Mhz.tr.html" completed
Tue Feb 24 23:42:31 2026

